  Rect.cpp
  stb_image.cpp
  Window.cpp
  Renderer.cpp
  Colorf.cpp
  Coloru.cpp
  Keyboard.cpp
  Vector2.cpp
C:\Users\Danii\source\repos\BebrLib\BebrLib\Bebr\Math\Vector2.cpp(30,24): warning C4804: /: небезопасное использование типа "bool" в операции
C:\Users\Danii\source\repos\BebrLib\BebrLib\Bebr\Math\Vector2.cpp(29,1): message : во время компиляции функции-члена класс шаблон "bebr::math::Vector2<bool> bebr::math::Vector2<bool>::operator /(T) const"
          with
          [
              T=bool
          ]
C:\Users\Danii\source\repos\BebrLib\BebrLib\Bebr\Math\Vector2.cpp(79,1): message : выполняется компиляция ссылки на экземпляр класс шаблон функции "bebr::math::Vector2<bool>"
C:\Users\Danii\source\repos\BebrLib\BebrLib\Bebr\Math\Vector2.cpp(30,36): warning C4804: /: небезопасное использование типа "bool" в операции
C:\Users\Danii\source\repos\BebrLib\BebrLib\Bebr\Math\Vector2.cpp(36,5): warning C4804: +=: небезопасное использование типа "bool" в операции
C:\Users\Danii\source\repos\BebrLib\BebrLib\Bebr\Math\Vector2.cpp(35,1): message : во время компиляции функции-члена класс шаблон "bebr::math::Vector2<bool> &bebr::math::Vector2<bool>::operator +=(const bebr::math::Vector2<bool> &)"
C:\Users\Danii\source\repos\BebrLib\BebrLib\Bebr\Math\Vector2.cpp(37,5): warning C4804: +=: небезопасное использование типа "bool" в операции
C:\Users\Danii\source\repos\BebrLib\BebrLib\Bebr\Math\Vector2.cpp(44,5): warning C4804: -=: небезопасное использование типа "bool" в операции
C:\Users\Danii\source\repos\BebrLib\BebrLib\Bebr\Math\Vector2.cpp(43,1): message : во время компиляции функции-члена класс шаблон "bebr::math::Vector2<bool> &bebr::math::Vector2<bool>::operator -=(const bebr::math::Vector2<bool> &)"
C:\Users\Danii\source\repos\BebrLib\BebrLib\Bebr\Math\Vector2.cpp(45,5): warning C4804: -=: небезопасное использование типа "bool" в операции
C:\Users\Danii\source\repos\BebrLib\BebrLib\Bebr\Math\Vector2.cpp(52,5): warning C4804: *=: небезопасное использование типа "bool" в операции
C:\Users\Danii\source\repos\BebrLib\BebrLib\Bebr\Math\Vector2.cpp(51,1): message : во время компиляции функции-члена класс шаблон "bebr::math::Vector2<bool> &bebr::math::Vector2<bool>::operator *=(T)"
          with
          [
              T=bool
          ]
C:\Users\Danii\source\repos\BebrLib\BebrLib\Bebr\Math\Vector2.cpp(53,5): warning C4804: *=: небезопасное использование типа "bool" в операции
C:\Users\Danii\source\repos\BebrLib\BebrLib\Bebr\Math\Vector2.cpp(60,5): warning C4804: /=: небезопасное использование типа "bool" в операции
C:\Users\Danii\source\repos\BebrLib\BebrLib\Bebr\Math\Vector2.cpp(59,1): message : во время компиляции функции-члена класс шаблон "bebr::math::Vector2<bool> &bebr::math::Vector2<bool>::operator /=(T)"
          with
          [
              T=bool
          ]
C:\Users\Danii\source\repos\BebrLib\BebrLib\Bebr\Math\Vector2.cpp(60,5): warning C4804: /: небезопасное использование типа "bool" в операции
C:\Users\Danii\source\repos\BebrLib\BebrLib\Bebr\Math\Vector2.cpp(61,5): warning C4804: /=: небезопасное использование типа "bool" в операции
C:\Users\Danii\source\repos\BebrLib\BebrLib\Bebr\Math\Vector2.cpp(61,5): warning C4804: /: небезопасное использование типа "bool" в операции
  Vector3.cpp
C:\Users\Danii\source\repos\BebrLib\BebrLib\Bebr\Math\Vector3.cpp(30,24): warning C4804: /: небезопасное использование типа "bool" в операции
C:\Users\Danii\source\repos\BebrLib\BebrLib\Bebr\Math\Vector3.cpp(29,1): message : во время компиляции функции-члена класс шаблон "bebr::math::Vector3<bool> bebr::math::Vector3<bool>::operator /(T) const"
          with
          [
              T=bool
          ]
C:\Users\Danii\source\repos\BebrLib\BebrLib\Bebr\Math\Vector3.cpp(83,1): message : выполняется компиляция ссылки на экземпляр класс шаблон функции "bebr::math::Vector3<bool>"
C:\Users\Danii\source\repos\BebrLib\BebrLib\Bebr\Math\Vector3.cpp(30,36): warning C4804: /: небезопасное использование типа "bool" в операции
C:\Users\Danii\source\repos\BebrLib\BebrLib\Bebr\Math\Vector3.cpp(30,48): warning C4804: /: небезопасное использование типа "bool" в операции
C:\Users\Danii\source\repos\BebrLib\BebrLib\Bebr\Math\Vector3.cpp(36,5): warning C4804: +=: небезопасное использование типа "bool" в операции
C:\Users\Danii\source\repos\BebrLib\BebrLib\Bebr\Math\Vector3.cpp(35,1): message : во время компиляции функции-члена класс шаблон "bebr::math::Vector3<bool> &bebr::math::Vector3<bool>::operator +=(const bebr::math::Vector3<bool> &)"
C:\Users\Danii\source\repos\BebrLib\BebrLib\Bebr\Math\Vector3.cpp(37,5): warning C4804: +=: небезопасное использование типа "bool" в операции
C:\Users\Danii\source\repos\BebrLib\BebrLib\Bebr\Math\Vector3.cpp(38,5): warning C4804: +=: небезопасное использование типа "bool" в операции
C:\Users\Danii\source\repos\BebrLib\BebrLib\Bebr\Math\Vector3.cpp(45,5): warning C4804: -=: небезопасное использование типа "bool" в операции
C:\Users\Danii\source\repos\BebrLib\BebrLib\Bebr\Math\Vector3.cpp(44,1): message : во время компиляции функции-члена класс шаблон "bebr::math::Vector3<bool> &bebr::math::Vector3<bool>::operator -=(const bebr::math::Vector3<bool> &)"
C:\Users\Danii\source\repos\BebrLib\BebrLib\Bebr\Math\Vector3.cpp(46,5): warning C4804: -=: небезопасное использование типа "bool" в операции
C:\Users\Danii\source\repos\BebrLib\BebrLib\Bebr\Math\Vector3.cpp(47,5): warning C4804: -=: небезопасное использование типа "bool" в операции
C:\Users\Danii\source\repos\BebrLib\BebrLib\Bebr\Math\Vector3.cpp(54,5): warning C4804: *=: небезопасное использование типа "bool" в операции
C:\Users\Danii\source\repos\BebrLib\BebrLib\Bebr\Math\Vector3.cpp(53,1): message : во время компиляции функции-члена класс шаблон "bebr::math::Vector3<bool> &bebr::math::Vector3<bool>::operator *=(T)"
          with
          [
              T=bool
          ]
C:\Users\Danii\source\repos\BebrLib\BebrLib\Bebr\Math\Vector3.cpp(55,5): warning C4804: *=: небезопасное использование типа "bool" в операции
C:\Users\Danii\source\repos\BebrLib\BebrLib\Bebr\Math\Vector3.cpp(56,5): warning C4804: *=: небезопасное использование типа "bool" в операции
C:\Users\Danii\source\repos\BebrLib\BebrLib\Bebr\Math\Vector3.cpp(63,5): warning C4804: /=: небезопасное использование типа "bool" в операции
C:\Users\Danii\source\repos\BebrLib\BebrLib\Bebr\Math\Vector3.cpp(62,1): message : во время компиляции функции-члена класс шаблон "bebr::math::Vector3<bool> &bebr::math::Vector3<bool>::operator /=(T)"
          with
          [
              T=bool
          ]
C:\Users\Danii\source\repos\BebrLib\BebrLib\Bebr\Math\Vector3.cpp(63,5): warning C4804: /: небезопасное использование типа "bool" в операции
C:\Users\Danii\source\repos\BebrLib\BebrLib\Bebr\Math\Vector3.cpp(64,5): warning C4804: /=: небезопасное использование типа "bool" в операции
C:\Users\Danii\source\repos\BebrLib\BebrLib\Bebr\Math\Vector3.cpp(64,5): warning C4804: /: небезопасное использование типа "bool" в операции
C:\Users\Danii\source\repos\BebrLib\BebrLib\Bebr\Math\Vector3.cpp(65,5): warning C4804: /=: небезопасное использование типа "bool" в операции
C:\Users\Danii\source\repos\BebrLib\BebrLib\Bebr\Math\Vector3.cpp(65,5): warning C4804: /: небезопасное использование типа "bool" в операции
  Matrix.cpp
  Vector4.cpp
C:\Users\Danii\source\repos\BebrLib\BebrLib\Bebr\Math\Vector4.cpp(30,24): warning C4804: /: небезопасное использование типа "bool" в операции
C:\Users\Danii\source\repos\BebrLib\BebrLib\Bebr\Math\Vector4.cpp(29,1): message : во время компиляции функции-члена класс шаблон "bebr::math::Vector4<bool> bebr::math::Vector4<bool>::operator /(T) const"
          with
          [
              T=bool
          ]
C:\Users\Danii\source\repos\BebrLib\BebrLib\Bebr\Math\Vector4.cpp(87,1): message : выполняется компиляция ссылки на экземпляр класс шаблон функции "bebr::math::Vector4<bool>"
C:\Users\Danii\source\repos\BebrLib\BebrLib\Bebr\Math\Vector4.cpp(30,36): warning C4804: /: небезопасное использование типа "bool" в операции
C:\Users\Danii\source\repos\BebrLib\BebrLib\Bebr\Math\Vector4.cpp(30,48): warning C4804: /: небезопасное использование типа "bool" в операции
C:\Users\Danii\source\repos\BebrLib\BebrLib\Bebr\Math\Vector4.cpp(30,60): warning C4804: /: небезопасное использование типа "bool" в операции
C:\Users\Danii\source\repos\BebrLib\BebrLib\Bebr\Math\Vector4.cpp(36,5): warning C4804: +=: небезопасное использование типа "bool" в операции
C:\Users\Danii\source\repos\BebrLib\BebrLib\Bebr\Math\Vector4.cpp(35,1): message : во время компиляции функции-члена класс шаблон "bebr::math::Vector4<bool> &bebr::math::Vector4<bool>::operator +=(const bebr::math::Vector4<bool> &)"
C:\Users\Danii\source\repos\BebrLib\BebrLib\Bebr\Math\Vector4.cpp(37,5): warning C4804: +=: небезопасное использование типа "bool" в операции
C:\Users\Danii\source\repos\BebrLib\BebrLib\Bebr\Math\Vector4.cpp(38,5): warning C4804: +=: небезопасное использование типа "bool" в операции
C:\Users\Danii\source\repos\BebrLib\BebrLib\Bebr\Math\Vector4.cpp(39,5): warning C4804: +=: небезопасное использование типа "bool" в операции
C:\Users\Danii\source\repos\BebrLib\BebrLib\Bebr\Math\Vector4.cpp(46,5): warning C4804: -=: небезопасное использование типа "bool" в операции
C:\Users\Danii\source\repos\BebrLib\BebrLib\Bebr\Math\Vector4.cpp(45,1): message : во время компиляции функции-члена класс шаблон "bebr::math::Vector4<bool> &bebr::math::Vector4<bool>::operator -=(const bebr::math::Vector4<bool> &)"
C:\Users\Danii\source\repos\BebrLib\BebrLib\Bebr\Math\Vector4.cpp(47,5): warning C4804: -=: небезопасное использование типа "bool" в операции
C:\Users\Danii\source\repos\BebrLib\BebrLib\Bebr\Math\Vector4.cpp(48,5): warning C4804: -=: небезопасное использование типа "bool" в операции
C:\Users\Danii\source\repos\BebrLib\BebrLib\Bebr\Math\Vector4.cpp(49,5): warning C4804: -=: небезопасное использование типа "bool" в операции
C:\Users\Danii\source\repos\BebrLib\BebrLib\Bebr\Math\Vector4.cpp(56,5): warning C4804: *=: небезопасное использование типа "bool" в операции
C:\Users\Danii\source\repos\BebrLib\BebrLib\Bebr\Math\Vector4.cpp(55,1): message : во время компиляции функции-члена класс шаблон "bebr::math::Vector4<bool> &bebr::math::Vector4<bool>::operator *=(T)"
          with
          [
              T=bool
          ]
C:\Users\Danii\source\repos\BebrLib\BebrLib\Bebr\Math\Vector4.cpp(57,5): warning C4804: *=: небезопасное использование типа "bool" в операции
C:\Users\Danii\source\repos\BebrLib\BebrLib\Bebr\Math\Vector4.cpp(58,5): warning C4804: *=: небезопасное использование типа "bool" в операции
C:\Users\Danii\source\repos\BebrLib\BebrLib\Bebr\Math\Vector4.cpp(59,5): warning C4804: *=: небезопасное использование типа "bool" в операции
C:\Users\Danii\source\repos\BebrLib\BebrLib\Bebr\Math\Vector4.cpp(66,5): warning C4804: /=: небезопасное использование типа "bool" в операции
C:\Users\Danii\source\repos\BebrLib\BebrLib\Bebr\Math\Vector4.cpp(65,1): message : во время компиляции функции-члена класс шаблон "bebr::math::Vector4<bool> &bebr::math::Vector4<bool>::operator /=(T)"
          with
          [
              T=bool
          ]
C:\Users\Danii\source\repos\BebrLib\BebrLib\Bebr\Math\Vector4.cpp(66,5): warning C4804: /: небезопасное использование типа "bool" в операции
C:\Users\Danii\source\repos\BebrLib\BebrLib\Bebr\Math\Vector4.cpp(67,5): warning C4804: /=: небезопасное использование типа "bool" в операции
C:\Users\Danii\source\repos\BebrLib\BebrLib\Bebr\Math\Vector4.cpp(67,5): warning C4804: /: небезопасное использование типа "bool" в операции
C:\Users\Danii\source\repos\BebrLib\BebrLib\Bebr\Math\Vector4.cpp(68,5): warning C4804: /=: небезопасное использование типа "bool" в операции
C:\Users\Danii\source\repos\BebrLib\BebrLib\Bebr\Math\Vector4.cpp(68,5): warning C4804: /: небезопасное использование типа "bool" в операции
C:\Users\Danii\source\repos\BebrLib\BebrLib\Bebr\Math\Vector4.cpp(69,5): warning C4804: /=: небезопасное использование типа "bool" в операции
C:\Users\Danii\source\repos\BebrLib\BebrLib\Bebr\Math\Vector4.cpp(69,5): warning C4804: /: небезопасное использование типа "bool" в операции
  VertexArray.cpp
  VertexBuffer.cpp
  VertexBufferLayout.cpp
  IndexBuffer.cpp
  Buffer.cpp
  ShaderProgram.cpp
  Shader.cpp
  ShaderSource.cpp
  VertexShader.cpp
  Создание кода...
  Компиляция...
  FragmentShader.cpp
  ShaderUniform.cpp
  Shape.cpp
  Texture.cpp
  Shape2Vertex.cpp
  Shape2.cpp
  PositionMatrix2.cpp
  AngleMatrix2.cpp
  ScaleMatrix2.cpp
  TransformMatrix2.cpp
  CameraMatrix2.cpp
  TextureManager.cpp
  Rectangle.cpp
  Circle.cpp
C:\Users\Danii\source\repos\BebrLib\BebrLib\Bebr\Shape\Circle.cpp(50,20): warning C4305: инициализация: усечение из "double" в "float"
  OriginMatrix2.cpp
  Mouse.cpp
  RectCollider.cpp
  StandartTexture.cpp
  RectColliderPro.cpp
  RectPro.cpp
  Создание кода...
  BebrLib.vcxproj -> C:\Users\Danii\source\repos\BebrLib\Debug\BebrLib.lib
