main.obj : error LNK2019: ссылка на неразрешенный внешний символ "public: __thiscall bebr::system::Window::Window(int,int,char const *)" (??0Window@system@bebr@@QAE@HHPBD@Z) в функции _main.
main.obj : error LNK2019: ссылка на неразрешенный внешний символ "public: __thiscall bebr::system::Window::~Window(void)" (??1Window@system@bebr@@QAE@XZ) в функции _main.
main.obj : error LNK2019: ссылка на неразрешенный внешний символ "public: bool __thiscall bebr::system::Window::isOpen(void)" (?isOpen@Window@system@bebr@@QAE_NXZ) в функции _main.
main.obj : error LNK2019: ссылка на неразрешенный внешний символ "public: void __thiscall bebr::system::Window::pollEvent(void)" (?pollEvent@Window@system@bebr@@QAEXXZ) в функции _main.
main.obj : error LNK2019: ссылка на неразрешенный внешний символ "public: void __thiscall bebr::system::Window::close(void)" (?close@Window@system@bebr@@QAEXXZ) в функции _main.
main.obj : error LNK2019: ссылка на неразрешенный внешний символ "public: static class bebr::system::Keyboard & __cdecl bebr::system::Keyboard::GetInstance(void)" (?GetInstance@Keyboard@system@bebr@@SAAAV123@XZ) в функции _main.
main.obj : error LNK2019: ссылка на неразрешенный внешний символ "public: bool __thiscall bebr::system::Keyboard::isKeyDown(enum bebr::system::Keyboard::Key)const " (?isKeyDown@Keyboard@system@bebr@@QBE_NW4Key@123@@Z) в функции _main.
main.obj : error LNK2019: ссылка на неразрешенный внешний символ "public: __thiscall bebr::core::Colorf::Colorf(float,float,float,float)" (??0Colorf@core@bebr@@QAE@MMMM@Z) в функции _main.
main.obj : error LNK2019: ссылка на неразрешенный внешний символ "public: static class bebr::render::Renderer & __cdecl bebr::render::Renderer::GetInstance(void)" (?GetInstance@Renderer@render@bebr@@SAAAV123@XZ) в функции _main.
main.obj : error LNK2019: ссылка на неразрешенный внешний символ "public: void __thiscall bebr::render::Renderer::start(class bebr::system::Window *)" (?start@Renderer@render@bebr@@QAEXPAVWindow@system@3@@Z) в функции _main.
main.obj : error LNK2019: ссылка на неразрешенный внешний символ "public: void __thiscall bebr::render::Renderer::end(void)" (?end@Renderer@render@bebr@@QAEXXZ) в функции _main.
main.obj : error LNK2019: ссылка на неразрешенный внешний символ "public: void __thiscall bebr::render::Renderer::clear(struct bebr::core::Colorf)const " (?clear@Renderer@render@bebr@@QBEXUColorf@core@3@@Z) в функции _main.
main.obj : error LNK2019: ссылка на неразрешенный внешний символ "public: void __thiscall bebr::render::Renderer::drawTriangle(class bebr::render::IndexBuffer &)" (?drawTriangle@Renderer@render@bebr@@QAEXAAVIndexBuffer@23@@Z) в функции _main.
main.obj : error LNK2019: ссылка на неразрешенный внешний символ "public: void __thiscall bebr::render::Renderer::display(void)const " (?display@Renderer@render@bebr@@QBEXXZ) в функции _main.
main.obj : error LNK2019: ссылка на неразрешенный внешний символ "public: class std::basic_string<char,struct std::char_traits<char>,class std::allocator<char> > const & __thiscall bebr::render::ShaderSource::getSource(void)const " (?getSource@ShaderSource@render@bebr@@QBEABV?$basic_string@DU?$char_traits@D@std@@V?$allocator@D@2@@std@@XZ) в функции _main.
main.obj : error LNK2019: ссылка на неразрешенный внешний символ "class bebr::render::ShaderSource __cdecl bebr::render::LoadShaderSource(class std::basic_string<char,struct std::char_traits<char>,class std::allocator<char> >)" (?LoadShaderSource@render@bebr@@YA?AVShaderSource@12@V?$basic_string@DU?$char_traits@D@std@@V?$allocator@D@2@@std@@@Z) в функции _main.
main.obj : error LNK2019: ссылка на неразрешенный внешний символ "public: __thiscall bebr::render::Shader::~Shader(void)" (??1Shader@render@bebr@@QAE@XZ) в функции "public: __thiscall bebr::render::FragmentShader::~FragmentShader(void)" (??1FragmentShader@render@bebr@@QAE@XZ).
main.obj : error LNK2019: ссылка на неразрешенный внешний символ "public: void __thiscall bebr::render::Shader::attachSource(class std::basic_string<char,struct std::char_traits<char>,class std::allocator<char> > const &)" (?attachSource@Shader@render@bebr@@QAEXABV?$basic_string@DU?$char_traits@D@std@@V?$allocator@D@2@@std@@@Z) в функции _main.
main.obj : error LNK2019: ссылка на неразрешенный внешний символ "public: bool __thiscall bebr::render::Shader::compile(void)const " (?compile@Shader@render@bebr@@QBE_NXZ) в функции _main.
main.obj : error LNK2019: ссылка на неразрешенный внешний символ "public: __thiscall bebr::render::VertexShader::VertexShader(void)" (??0VertexShader@render@bebr@@QAE@XZ) в функции _main.
main.obj : error LNK2019: ссылка на неразрешенный внешний символ "public: __thiscall bebr::render::FragmentShader::FragmentShader(void)" (??0FragmentShader@render@bebr@@QAE@XZ) в функции _main.
main.obj : error LNK2019: ссылка на неразрешенный внешний символ "public: void __thiscall bebr::render::ShaderUniform::setInt1(int)const " (?setInt1@ShaderUniform@render@bebr@@QBEXH@Z) в функции _main.
main.obj : error LNK2019: ссылка на неразрешенный внешний символ "public: __thiscall bebr::render::ShaderProgram::ShaderProgram(void)" (??0ShaderProgram@render@bebr@@QAE@XZ) в функции _main.
main.obj : error LNK2019: ссылка на неразрешенный внешний символ "public: __thiscall bebr::render::ShaderProgram::~ShaderProgram(void)" (??1ShaderProgram@render@bebr@@QAE@XZ) в функции _main.
main.obj : error LNK2019: ссылка на неразрешенный внешний символ "public: void __thiscall bebr::render::ShaderProgram::attachShader(class bebr::render::VertexShader const &)const " (?attachShader@ShaderProgram@render@bebr@@QBEXABVVertexShader@23@@Z) в функции _main.
main.obj : error LNK2019: ссылка на неразрешенный внешний символ "public: void __thiscall bebr::render::ShaderProgram::attachShader(class bebr::render::FragmentShader const &)const " (?attachShader@ShaderProgram@render@bebr@@QBEXABVFragmentShader@23@@Z) в функции _main.
main.obj : error LNK2019: ссылка на неразрешенный внешний символ "public: void __thiscall bebr::render::ShaderProgram::link(void)const " (?link@ShaderProgram@render@bebr@@QBEXXZ) в функции _main.
main.obj : error LNK2019: ссылка на неразрешенный внешний символ "public: void __thiscall bebr::render::ShaderProgram::use(void)const " (?use@ShaderProgram@render@bebr@@QBEXXZ) в функции _main.
main.obj : error LNK2019: ссылка на неразрешенный внешний символ "public: void __thiscall bebr::render::ShaderProgram::unuse(void)const " (?unuse@ShaderProgram@render@bebr@@QBEXXZ) в функции _main.
main.obj : error LNK2019: ссылка на неразрешенный внешний символ "public: class bebr::render::ShaderUniform const & __thiscall bebr::render::ShaderProgram::operator[](class std::basic_string<char,struct std::char_traits<char>,class std::allocator<char> >)" (??AShaderProgram@render@bebr@@QAEABVShaderUniform@12@V?$basic_string@DU?$char_traits@D@std@@V?$allocator@D@2@@std@@@Z) в функции _main.
main.obj : error LNK2019: ссылка на неразрешенный внешний символ "public: __thiscall bebr::render::VertexArray::VertexArray(void)" (??0VertexArray@render@bebr@@QAE@XZ) в функции _main.
main.obj : error LNK2019: ссылка на неразрешенный внешний символ "public: __thiscall bebr::render::VertexArray::~VertexArray(void)" (??1VertexArray@render@bebr@@QAE@XZ) в функции _main.
main.obj : error LNK2019: ссылка на неразрешенный внешний символ "public: void __thiscall bebr::render::VertexArray::bind(void)const " (?bind@VertexArray@render@bebr@@QBEXXZ) в функции _main.
main.obj : error LNK2019: ссылка на неразрешенный внешний символ "public: void __thiscall bebr::render::VertexArray::unbind(void)const " (?unbind@VertexArray@render@bebr@@QBEXXZ) в функции _main.
main.obj : error LNK2019: ссылка на неразрешенный внешний символ "public: void __thiscall bebr::render::VertexArray::updateAttribute(class bebr::render::VertexBuffer const &,class bebr::render::VertexBufferLayout const &)const " (?updateAttribute@VertexArray@render@bebr@@QBEXABVVertexBuffer@23@ABVVertexBufferLayout@23@@Z) в функции _main.
main.obj : error LNK2019: ссылка на неразрешенный внешний символ "public: __thiscall bebr::render::VertexBuffer::VertexBuffer(void)" (??0VertexBuffer@render@bebr@@QAE@XZ) в функции _main.
main.obj : error LNK2019: ссылка на неразрешенный внешний символ "public: __thiscall bebr::render::VertexBuffer::~VertexBuffer(void)" (??1VertexBuffer@render@bebr@@QAE@XZ) в функции _main.
main.obj : error LNK2019: ссылка на неразрешенный внешний символ "public: void __thiscall bebr::render::VertexBuffer::bind(void)const " (?bind@VertexBuffer@render@bebr@@QBEXXZ) в функции _main.
main.obj : error LNK2019: ссылка на неразрешенный внешний символ "public: void __thiscall bebr::render::VertexBuffer::unbind(void)const " (?unbind@VertexBuffer@render@bebr@@QBEXXZ) в функции _main.
main.obj : error LNK2019: ссылка на неразрешенный внешний символ "public: __thiscall bebr::render::VertexBufferLayout::VertexBufferLayout(void)" (??0VertexBufferLayout@render@bebr@@QAE@XZ) в функции _main.
main.obj : error LNK2019: ссылка на неразрешенный внешний символ "public: __thiscall bebr::render::IndexBuffer::IndexBuffer(void)" (??0IndexBuffer@render@bebr@@QAE@XZ) в функции _main.
main.obj : error LNK2019: ссылка на неразрешенный внешний символ "public: __thiscall bebr::render::IndexBuffer::~IndexBuffer(void)" (??1IndexBuffer@render@bebr@@QAE@XZ) в функции _main.
main.obj : error LNK2019: ссылка на неразрешенный внешний символ "public: void __thiscall bebr::render::IndexBuffer::bind(void)const " (?bind@IndexBuffer@render@bebr@@QBEXXZ) в функции _main.
main.obj : error LNK2019: ссылка на неразрешенный внешний символ "public: void __thiscall bebr::render::IndexBuffer::unbind(void)const " (?unbind@IndexBuffer@render@bebr@@QBEXXZ) в функции _main.
main.obj : error LNK2019: ссылка на неразрешенный внешний символ "public: __thiscall bebr::render::Texture::Texture(void)" (??0Texture@render@bebr@@QAE@XZ) в функции _main.
main.obj : error LNK2019: ссылка на неразрешенный внешний символ "public: __thiscall bebr::render::Texture::~Texture(void)" (??1Texture@render@bebr@@QAE@XZ) в функции _main.
main.obj : error LNK2019: ссылка на неразрешенный внешний символ "public: void __thiscall bebr::render::Texture::load(char const *)" (?load@Texture@render@bebr@@QAEXPBD@Z) в функции _main.
main.obj : error LNK2019: ссылка на неразрешенный внешний символ "public: void __thiscall bebr::render::Texture::bind(void)" (?bind@Texture@render@bebr@@QAEXXZ) в функции _main.
main.obj : error LNK2019: ссылка на неразрешенный внешний символ "public: void __thiscall bebr::render::Texture::unbind(void)" (?unbind@Texture@render@bebr@@QAEXXZ) в функции _main.
main.obj : error LNK2019: ссылка на неразрешенный внешний символ "public: void __thiscall bebr::render::Texture::generateMipmap(void)" (?generateMipmap@Texture@render@bebr@@QAEXXZ) в функции _main.
main.obj : error LNK2019: ссылка на неразрешенный внешний символ "public: void __thiscall bebr::render::Texture::bufferData(void)" (?bufferData@Texture@render@bebr@@QAEXXZ) в функции _main.
main.obj : error LNK2019: ссылка на неразрешенный внешний символ "public: void __thiscall bebr::render::Texture::setWrapping(enum bebr::render::Texture::WrappingType)" (?setWrapping@Texture@render@bebr@@QAEXW4WrappingType@123@@Z) в функции _main.
main.obj : error LNK2019: ссылка на неразрешенный внешний символ "public: void __thiscall bebr::render::Texture::setFilter(enum bebr::render::Texture::FilterType)" (?setFilter@Texture@render@bebr@@QAEXW4FilterType@123@@Z) в функции _main.
main.obj : error LNK2019: ссылка на неразрешенный внешний символ "public: void __thiscall bebr::render::VertexBufferLayout::push<float>(int)" (??$push@M@VertexBufferLayout@render@bebr@@QAEXH@Z) в функции _main.
main.obj : error LNK2019: ссылка на неразрешенный внешний символ "public: void __thiscall bebr::render::VertexBuffer::setData<float>(class std::vector<float,class std::allocator<float> > const &)const " (??$setData@M@VertexBuffer@render@bebr@@QBEXABV?$vector@MV?$allocator@M@std@@@std@@@Z) в функции _main.
main.obj : error LNK2019: ссылка на неразрешенный внешний символ "public: void __thiscall bebr::render::IndexBuffer::setData<unsigned int>(class std::vector<unsigned int,class std::allocator<unsigned int> > &)" (??$setData@I@IndexBuffer@render@bebr@@QAEXAAV?$vector@IV?$allocator@I@std@@@std@@@Z) в функции _main.
MSVCRTD.lib(exe_winmain.obj) : error LNK2019: ссылка на неразрешенный внешний символ _WinMain@16 в функции "int __cdecl invoke_main(void)" (?invoke_main@@YAHXZ).
C:\Users\Danii\Documents\Visual Studio 2022\Projects\BebrLib\Debug\Demo.exe : fatal error LNK1120: неразрешенных внешних элементов: 57
